\BOOKMARK [0][-]{chapter.1}{\376\377\000P\000r\000e\000l\000i\000m\000i\000n\000a\000r\000i\000e\000s}{}% 1
\BOOKMARK [1][-]{section.1.1}{\376\377\000O\000b\000t\000a\000i\000n\000i\000n\000g\000\040\000G\000Y\000R\000E\000-\000l\000c}{chapter.1}% 2
\BOOKMARK [1][-]{section.1.2}{\376\377\000D\000e\000v\000e\000l\000o\000p\000m\000e\000n\000t\000\040\000T\000e\000a\000m}{chapter.1}% 3
\BOOKMARK [1][-]{section.1.3}{\376\377\000R\000e\000l\000a\000t\000e\000d\000\040\000L\000i\000n\000k\000s}{chapter.1}% 4
\BOOKMARK [1][-]{section.1.4}{\376\377\000A\000c\000k\000n\000o\000w\000l\000e\000d\000g\000m\000e\000n\000t\000s}{chapter.1}% 5
\BOOKMARK [0][-]{chapter.2}{\376\377\000Q\000u\000i\000c\000k\000\040\000S\000t\000a\000r\000t}{}% 6
\BOOKMARK [0][-]{chapter.3}{\376\377\000P\000y\000t\000h\000o\000n\000\040\000W\000a\000l\000k\000t\000h\000r\000o\000u\000g\000h}{}% 7
\BOOKMARK [1][-]{section.3.1}{\376\377\000S\000e\000t\000i\000n\000g\000\040\000u\000p\000\040\000y\000o\000u\000r\000\040\000i\000n\000p\000u\000t\000s}{chapter.3}% 8
\BOOKMARK [2][-]{subsection.3.1.1}{\376\377\000T\000h\000e\000\040\000i\000o\000t\000a\000\040\000O\000r\000i\000o\000n\000i\000s\000\040\000M\000o\000d\000e\000l\000s}{section.3.1}% 9
\BOOKMARK [1][-]{section.3.2}{\376\377\000T\000h\000e\000\040\000G\000Y\000R\000E\000-\000l\000c\000\040\000M\000o\000d\000u\000l\000e}{chapter.3}% 10
\BOOKMARK [0][-]{chapter.4}{\376\377\000I\000n\000s\000t\000a\000l\000l\000a\000t\000i\000o\000n}{}% 11
\BOOKMARK [1][-]{section.4.1}{\376\377\000P\000r\000e\000r\000e\000q\000u\000i\000s\000i\000t\000e\000s}{chapter.4}% 12
\BOOKMARK [1][-]{section.4.2}{\376\377\000S\000e\000t\000t\000i\000n\000g\000\040\000u\000p\000\040\000G\000Y\000R\000E\000-\000l\000c}{chapter.4}% 13
\BOOKMARK [2][-]{subsection.4.2.1}{\376\377\000D\000o\000w\000n\000l\000o\000a\000d}{section.4.2}% 14
\BOOKMARK [2][-]{subsection.4.2.2}{\376\377\000T\000e\000s\000t}{section.4.2}% 15
\BOOKMARK [0][-]{chapter.5}{\376\377\000I\000n\000p\000u\000t\000s}{}% 16
\BOOKMARK [1][-]{section.5.1}{\376\377\000N\000a\000m\000e\000l\000i\000s\000t\000\040\000I\000n\000p\000u\000t\000\040\000F\000i\000l\000e\000s}{chapter.5}% 17
\BOOKMARK [2][-]{subsection.5.1.1}{\376\377\000\046\000o\000r\000b\000i\000t}{section.5.1}% 18
\BOOKMARK [2][-]{subsection.5.1.2}{\376\377\000\046\000o\000b\000s\000e\000r\000v\000e\000r}{section.5.1}% 19
\BOOKMARK [0][-]{chapter.6}{\376\377\000O\000u\000t\000p\000u\000t}{}% 20
\BOOKMARK [0][-]{chapter.7}{\376\377\000T\000i\000d\000a\000l\000\040\000T\000h\000e\000o\000r\000y}{}% 21
